{"total": {"lines":{"total":1225,"covered":640,"skipped":0,"pct":52.24},"statements":{"total":1335,"covered":686,"skipped":0,"pct":51.38},"functions":{"total":297,"covered":108,"skipped":0,"pct":36.36},"branches":{"total":672,"covered":356,"skipped":0,"pct":52.97},"branchesTrue":{"total":0,"covered":0,"skipped":0,"pct":100}}
,"/Users/vedant/Desktop/CRM_WEBSITE_MONOCLE/CRM/app/layout.tsx": {"lines":{"total":3,"covered":0,"skipped":0,"pct":0},"functions":{"total":1,"covered":0,"skipped":0,"pct":0},"statements":{"total":4,"covered":0,"skipped":0,"pct":0},"branches":{"total":0,"covered":0,"skipped":0,"pct":100}}
,"/Users/vedant/Desktop/CRM_WEBSITE_MONOCLE/CRM/app/not-found.tsx": {"lines":{"total":5,"covered":0,"skipped":0,"pct":0},"functions":{"total":2,"covered":0,"skipped":0,"pct":0},"statements":{"total":5,"covered":0,"skipped":0,"pct":0},"branches":{"total":0,"covered":0,"skipped":0,"pct":100}}
,"/Users/vedant/Desktop/CRM_WEBSITE_MONOCLE/CRM/app/robots.ts": {"lines":{"total":2,"covered":0,"skipped":0,"pct":0},"functions":{"total":1,"covered":0,"skipped":0,"pct":0},"statements":{"total":2,"covered":0,"skipped":0,"pct":0},"branches":{"total":0,"covered":0,"skipped":0,"pct":100}}
,"/Users/vedant/Desktop/CRM_WEBSITE_MONOCLE/CRM/app/sitemap.ts": {"lines":{"total":3,"covered":0,"skipped":0,"pct":0},"functions":{"total":1,"covered":0,"skipped":0,"pct":0},"statements":{"total":3,"covered":0,"skipped":0,"pct":0},"branches":{"total":0,"covered":0,"skipped":0,"pct":100}}
,"/Users/vedant/Desktop/CRM_WEBSITE_MONOCLE/CRM/app/(marketing)/HomeClient.tsx": {"lines":{"total":34,"covered":0,"skipped":0,"pct":0},"functions":{"total":18,"covered":0,"skipped":0,"pct":0},"statements":{"total":38,"covered":0,"skipped":0,"pct":0},"branches":{"total":4,"covered":0,"skipped":0,"pct":0}}
,"/Users/vedant/Desktop/CRM_WEBSITE_MONOCLE/CRM/app/(marketing)/layout.tsx": {"lines":{"total":6,"covered":0,"skipped":0,"pct":0},"functions":{"total":1,"covered":0,"skipped":0,"pct":0},"statements":{"total":6,"covered":0,"skipped":0,"pct":0},"branches":{"total":0,"covered":0,"skipped":0,"pct":100}}
,"/Users/vedant/Desktop/CRM_WEBSITE_MONOCLE/CRM/app/(marketing)/page.tsx": {"lines":{"total":4,"covered":0,"skipped":0,"pct":0},"functions":{"total":1,"covered":0,"skipped":0,"pct":0},"statements":{"total":5,"covered":0,"skipped":0,"pct":0},"branches":{"total":0,"covered":0,"skipped":0,"pct":100}}
,"/Users/vedant/Desktop/CRM_WEBSITE_MONOCLE/CRM/app/(marketing)/about/AboutClient.tsx": {"lines":{"total":14,"covered":0,"skipped":0,"pct":0},"functions":{"total":4,"covered":0,"skipped":0,"pct":0},"statements":{"total":14,"covered":0,"skipped":0,"pct":0},"branches":{"total":0,"covered":0,"skipped":0,"pct":100}}
,"/Users/vedant/Desktop/CRM_WEBSITE_MONOCLE/CRM/app/(marketing)/about/page.tsx": {"lines":{"total":4,"covered":0,"skipped":0,"pct":0},"functions":{"total":1,"covered":0,"skipped":0,"pct":0},"statements":{"total":5,"covered":0,"skipped":0,"pct":0},"branches":{"total":0,"covered":0,"skipped":0,"pct":100}}
,"/Users/vedant/Desktop/CRM_WEBSITE_MONOCLE/CRM/app/(marketing)/contact/ContactClient.tsx": {"lines":{"total":18,"covered":0,"skipped":0,"pct":0},"functions":{"total":7,"covered":0,"skipped":0,"pct":0},"statements":{"total":19,"covered":0,"skipped":0,"pct":0},"branches":{"total":11,"covered":0,"skipped":0,"pct":0}}
,"/Users/vedant/Desktop/CRM_WEBSITE_MONOCLE/CRM/app/(marketing)/contact/page.tsx": {"lines":{"total":4,"covered":0,"skipped":0,"pct":0},"functions":{"total":1,"covered":0,"skipped":0,"pct":0},"statements":{"total":5,"covered":0,"skipped":0,"pct":0},"branches":{"total":0,"covered":0,"skipped":0,"pct":100}}
,"/Users/vedant/Desktop/CRM_WEBSITE_MONOCLE/CRM/app/(marketing)/services/ServicesClient.tsx": {"lines":{"total":12,"covered":0,"skipped":0,"pct":0},"functions":{"total":4,"covered":0,"skipped":0,"pct":0},"statements":{"total":12,"covered":0,"skipped":0,"pct":0},"branches":{"total":1,"covered":0,"skipped":0,"pct":0}}
,"/Users/vedant/Desktop/CRM_WEBSITE_MONOCLE/CRM/app/(marketing)/services/page.tsx": {"lines":{"total":4,"covered":0,"skipped":0,"pct":0},"functions":{"total":1,"covered":0,"skipped":0,"pct":0},"statements":{"total":5,"covered":0,"skipped":0,"pct":0},"branches":{"total":0,"covered":0,"skipped":0,"pct":100}}
,"/Users/vedant/Desktop/CRM_WEBSITE_MONOCLE/CRM/app/api/applications/route.ts": {"lines":{"total":40,"covered":30,"skipped":0,"pct":75},"functions":{"total":3,"covered":3,"skipped":0,"pct":100},"statements":{"total":41,"covered":31,"skipped":0,"pct":75.6},"branches":{"total":27,"covered":20,"skipped":0,"pct":74.07}}
,"/Users/vedant/Desktop/CRM_WEBSITE_MONOCLE/CRM/app/api/applications/[id]/route.ts": {"lines":{"total":56,"covered":56,"skipped":0,"pct":100},"functions":{"total":4,"covered":4,"skipped":0,"pct":100},"statements":{"total":57,"covered":57,"skipped":0,"pct":100},"branches":{"total":47,"covered":25,"skipped":0,"pct":53.19}}
,"/Users/vedant/Desktop/CRM_WEBSITE_MONOCLE/CRM/app/api/applications/from-enquiry/route.ts": {"lines":{"total":31,"covered":29,"skipped":0,"pct":93.54},"functions":{"total":2,"covered":2,"skipped":0,"pct":100},"statements":{"total":32,"covered":30,"skipped":0,"pct":93.75},"branches":{"total":16,"covered":11,"skipped":0,"pct":68.75}}
,"/Users/vedant/Desktop/CRM_WEBSITE_MONOCLE/CRM/app/api/auth/login/route.ts": {"lines":{"total":19,"covered":19,"skipped":0,"pct":100},"functions":{"total":1,"covered":1,"skipped":0,"pct":100},"statements":{"total":19,"covered":19,"skipped":0,"pct":100},"branches":{"total":5,"covered":5,"skipped":0,"pct":100}}
,"/Users/vedant/Desktop/CRM_WEBSITE_MONOCLE/CRM/app/api/auth/logout/route.ts": {"lines":{"total":8,"covered":6,"skipped":0,"pct":75},"functions":{"total":1,"covered":1,"skipped":0,"pct":100},"statements":{"total":8,"covered":6,"skipped":0,"pct":75},"branches":{"total":0,"covered":0,"skipped":0,"pct":100}}
,"/Users/vedant/Desktop/CRM_WEBSITE_MONOCLE/CRM/app/api/auth/me/route.ts": {"lines":{"total":13,"covered":11,"skipped":0,"pct":84.61},"functions":{"total":1,"covered":1,"skipped":0,"pct":100},"statements":{"total":13,"covered":11,"skipped":0,"pct":84.61},"branches":{"total":2,"covered":2,"skipped":0,"pct":100}}
,"/Users/vedant/Desktop/CRM_WEBSITE_MONOCLE/CRM/app/api/companies/route.ts": {"lines":{"total":8,"covered":8,"skipped":0,"pct":100},"functions":{"total":1,"covered":1,"skipped":0,"pct":100},"statements":{"total":8,"covered":8,"skipped":0,"pct":100},"branches":{"total":0,"covered":0,"skipped":0,"pct":100}}
,"/Users/vedant/Desktop/CRM_WEBSITE_MONOCLE/CRM/app/api/enquiries/route.ts": {"lines":{"total":33,"covered":31,"skipped":0,"pct":93.93},"functions":{"total":3,"covered":3,"skipped":0,"pct":100},"statements":{"total":34,"covered":32,"skipped":0,"pct":94.11},"branches":{"total":18,"covered":16,"skipped":0,"pct":88.88}}
,"/Users/vedant/Desktop/CRM_WEBSITE_MONOCLE/CRM/app/api/enquiries/[id]/route.ts": {"lines":{"total":56,"covered":56,"skipped":0,"pct":100},"functions":{"total":4,"covered":4,"skipped":0,"pct":100},"statements":{"total":57,"covered":57,"skipped":0,"pct":100},"branches":{"total":41,"covered":24,"skipped":0,"pct":58.53}}
,"/Users/vedant/Desktop/CRM_WEBSITE_MONOCLE/CRM/app/crm/error.tsx": {"lines":{"total":4,"covered":0,"skipped":0,"pct":0},"functions":{"total":2,"covered":0,"skipped":0,"pct":0},"statements":{"total":4,"covered":0,"skipped":0,"pct":0},"branches":{"total":0,"covered":0,"skipped":0,"pct":100}}
,"/Users/vedant/Desktop/CRM_WEBSITE_MONOCLE/CRM/app/crm/layout.tsx": {"lines":{"total":3,"covered":0,"skipped":0,"pct":0},"functions":{"total":1,"covered":0,"skipped":0,"pct":0},"statements":{"total":4,"covered":0,"skipped":0,"pct":0},"branches":{"total":0,"covered":0,"skipped":0,"pct":100}}
,"/Users/vedant/Desktop/CRM_WEBSITE_MONOCLE/CRM/app/crm/loading.tsx": {"lines":{"total":1,"covered":0,"skipped":0,"pct":0},"functions":{"total":1,"covered":0,"skipped":0,"pct":0},"statements":{"total":1,"covered":0,"skipped":0,"pct":0},"branches":{"total":0,"covered":0,"skipped":0,"pct":100}}
,"/Users/vedant/Desktop/CRM_WEBSITE_MONOCLE/CRM/app/crm/page.tsx": {"lines":{"total":1,"covered":0,"skipped":0,"pct":0},"functions":{"total":1,"covered":0,"skipped":0,"pct":0},"statements":{"total":1,"covered":0,"skipped":0,"pct":0},"branches":{"total":0,"covered":0,"skipped":0,"pct":100}}
,"/Users/vedant/Desktop/CRM_WEBSITE_MONOCLE/CRM/app/crm/applications/page.tsx": {"lines":{"total":11,"covered":0,"skipped":0,"pct":0},"functions":{"total":2,"covered":0,"skipped":0,"pct":0},"statements":{"total":12,"covered":0,"skipped":0,"pct":0},"branches":{"total":3,"covered":0,"skipped":0,"pct":0}}
,"/Users/vedant/Desktop/CRM_WEBSITE_MONOCLE/CRM/app/crm/applications/[id]/page.tsx": {"lines":{"total":12,"covered":0,"skipped":0,"pct":0},"functions":{"total":1,"covered":0,"skipped":0,"pct":0},"statements":{"total":12,"covered":0,"skipped":0,"pct":0},"branches":{"total":11,"covered":0,"skipped":0,"pct":0}}
,"/Users/vedant/Desktop/CRM_WEBSITE_MONOCLE/CRM/app/crm/dashboard/page.tsx": {"lines":{"total":26,"covered":0,"skipped":0,"pct":0},"functions":{"total":8,"covered":0,"skipped":0,"pct":0},"statements":{"total":27,"covered":0,"skipped":0,"pct":0},"branches":{"total":9,"covered":0,"skipped":0,"pct":0}}
,"/Users/vedant/Desktop/CRM_WEBSITE_MONOCLE/CRM/app/crm/enquiries/page.tsx": {"lines":{"total":10,"covered":0,"skipped":0,"pct":0},"functions":{"total":1,"covered":0,"skipped":0,"pct":0},"statements":{"total":10,"covered":0,"skipped":0,"pct":0},"branches":{"total":1,"covered":0,"skipped":0,"pct":0}}
,"/Users/vedant/Desktop/CRM_WEBSITE_MONOCLE/CRM/app/crm/login/page.tsx": {"lines":{"total":30,"covered":29,"skipped":0,"pct":96.66},"functions":{"total":6,"covered":4,"skipped":0,"pct":66.66},"statements":{"total":31,"covered":29,"skipped":0,"pct":93.54},"branches":{"total":10,"covered":7,"skipped":0,"pct":70}}
,"/Users/vedant/Desktop/CRM_WEBSITE_MONOCLE/CRM/components/ClientLayout.tsx": {"lines":{"total":3,"covered":0,"skipped":0,"pct":0},"functions":{"total":1,"covered":0,"skipped":0,"pct":0},"statements":{"total":3,"covered":0,"skipped":0,"pct":0},"branches":{"total":0,"covered":0,"skipped":0,"pct":100}}
,"/Users/vedant/Desktop/CRM_WEBSITE_MONOCLE/CRM/components/DashboardClient.tsx": {"lines":{"total":3,"covered":3,"skipped":0,"pct":100},"functions":{"total":1,"covered":1,"skipped":0,"pct":100},"statements":{"total":3,"covered":3,"skipped":0,"pct":100},"branches":{"total":11,"covered":11,"skipped":0,"pct":100}}
,"/Users/vedant/Desktop/CRM_WEBSITE_MONOCLE/CRM/components/MobileHeader.tsx": {"lines":{"total":4,"covered":4,"skipped":0,"pct":100},"functions":{"total":1,"covered":1,"skipped":0,"pct":100},"statements":{"total":4,"covered":4,"skipped":0,"pct":100},"branches":{"total":1,"covered":1,"skipped":0,"pct":100}}
,"/Users/vedant/Desktop/CRM_WEBSITE_MONOCLE/CRM/components/MobileSidebar.tsx": {"lines":{"total":20,"covered":18,"skipped":0,"pct":90},"functions":{"total":4,"covered":3,"skipped":0,"pct":75},"statements":{"total":21,"covered":19,"skipped":0,"pct":90.47},"branches":{"total":14,"covered":13,"skipped":0,"pct":92.85}}
,"/Users/vedant/Desktop/CRM_WEBSITE_MONOCLE/CRM/components/ResponsiveLayout.tsx": {"lines":{"total":13,"covered":11,"skipped":0,"pct":84.61},"functions":{"total":3,"covered":1,"skipped":0,"pct":33.33},"statements":{"total":13,"covered":11,"skipped":0,"pct":84.61},"branches":{"total":9,"covered":6,"skipped":0,"pct":66.66}}
,"/Users/vedant/Desktop/CRM_WEBSITE_MONOCLE/CRM/components/Sidebar.tsx": {"lines":{"total":20,"covered":18,"skipped":0,"pct":90},"functions":{"total":4,"covered":3,"skipped":0,"pct":75},"statements":{"total":21,"covered":19,"skipped":0,"pct":90.47},"branches":{"total":13,"covered":12,"skipped":0,"pct":92.3}}
,"/Users/vedant/Desktop/CRM_WEBSITE_MONOCLE/CRM/components/SidebarHeader.tsx": {"lines":{"total":4,"covered":4,"skipped":0,"pct":100},"functions":{"total":1,"covered":1,"skipped":0,"pct":100},"statements":{"total":4,"covered":4,"skipped":0,"pct":100},"branches":{"total":0,"covered":0,"skipped":0,"pct":100}}
,"/Users/vedant/Desktop/CRM_WEBSITE_MONOCLE/CRM/components/applications/AddApplicationModal.tsx": {"lines":{"total":46,"covered":45,"skipped":0,"pct":97.82},"functions":{"total":7,"covered":6,"skipped":0,"pct":85.71},"statements":{"total":50,"covered":48,"skipped":0,"pct":96},"branches":{"total":44,"covered":40,"skipped":0,"pct":90.9}}
,"/Users/vedant/Desktop/CRM_WEBSITE_MONOCLE/CRM/components/applications/ApplicationDetailClient.tsx": {"lines":{"total":42,"covered":0,"skipped":0,"pct":0},"functions":{"total":11,"covered":0,"skipped":0,"pct":0},"statements":{"total":44,"covered":0,"skipped":0,"pct":0},"branches":{"total":31,"covered":0,"skipped":0,"pct":0}}
,"/Users/vedant/Desktop/CRM_WEBSITE_MONOCLE/CRM/components/applications/ApplicationTableNew.tsx": {"lines":{"total":76,"covered":0,"skipped":0,"pct":0},"functions":{"total":31,"covered":0,"skipped":0,"pct":0},"statements":{"total":91,"covered":0,"skipped":0,"pct":0},"branches":{"total":37,"covered":0,"skipped":0,"pct":0}}
,"/Users/vedant/Desktop/CRM_WEBSITE_MONOCLE/CRM/components/applications/ApplicationsPageClient.tsx": {"lines":{"total":105,"covered":0,"skipped":0,"pct":0},"functions":{"total":34,"covered":0,"skipped":0,"pct":0},"statements":{"total":118,"covered":0,"skipped":0,"pct":0},"branches":{"total":39,"covered":0,"skipped":0,"pct":0}}
,"/Users/vedant/Desktop/CRM_WEBSITE_MONOCLE/CRM/components/applications/EditApplicationModal.tsx": {"lines":{"total":53,"covered":50,"skipped":0,"pct":94.33},"functions":{"total":9,"covered":8,"skipped":0,"pct":88.88},"statements":{"total":58,"covered":53,"skipped":0,"pct":91.37},"branches":{"total":63,"covered":44,"skipped":0,"pct":69.84}}
,"/Users/vedant/Desktop/CRM_WEBSITE_MONOCLE/CRM/components/enquiries/AddEnquiryModal.tsx": {"lines":{"total":51,"covered":47,"skipped":0,"pct":92.15},"functions":{"total":9,"covered":9,"skipped":0,"pct":100},"statements":{"total":56,"covered":52,"skipped":0,"pct":92.85},"branches":{"total":46,"covered":38,"skipped":0,"pct":82.6}}
,"/Users/vedant/Desktop/CRM_WEBSITE_MONOCLE/CRM/components/enquiries/EditEnquiryModal.tsx": {"lines":{"total":58,"covered":55,"skipped":0,"pct":94.82},"functions":{"total":11,"covered":10,"skipped":0,"pct":90.9},"statements":{"total":64,"covered":59,"skipped":0,"pct":92.18},"branches":{"total":60,"covered":42,"skipped":0,"pct":70}}
,"/Users/vedant/Desktop/CRM_WEBSITE_MONOCLE/CRM/components/enquiries/EnquiryPageClient.tsx": {"lines":{"total":100,"covered":0,"skipped":0,"pct":0},"functions":{"total":34,"covered":0,"skipped":0,"pct":0},"statements":{"total":109,"covered":0,"skipped":0,"pct":0},"branches":{"total":33,"covered":0,"skipped":0,"pct":0}}
,"/Users/vedant/Desktop/CRM_WEBSITE_MONOCLE/CRM/components/enquiries/EnquiryTableNew.tsx": {"lines":{"total":41,"covered":38,"skipped":0,"pct":92.68},"functions":{"total":27,"covered":25,"skipped":0,"pct":92.59},"statements":{"total":52,"covered":47,"skipped":0,"pct":90.38},"branches":{"total":25,"covered":22,"skipped":0,"pct":88}}
,"/Users/vedant/Desktop/CRM_WEBSITE_MONOCLE/CRM/components/enquiries/ViewEnquirySlideOver.tsx": {"lines":{"total":12,"covered":0,"skipped":0,"pct":0},"functions":{"total":5,"covered":0,"skipped":0,"pct":0},"statements":{"total":14,"covered":0,"skipped":0,"pct":0},"branches":{"total":10,"covered":0,"skipped":0,"pct":0}}
,"/Users/vedant/Desktop/CRM_WEBSITE_MONOCLE/CRM/lib/appConfig.ts": {"lines":{"total":2,"covered":2,"skipped":0,"pct":100},"functions":{"total":0,"covered":0,"skipped":0,"pct":100},"statements":{"total":4,"covered":3,"skipped":0,"pct":75},"branches":{"total":0,"covered":0,"skipped":0,"pct":100}}
,"/Users/vedant/Desktop/CRM_WEBSITE_MONOCLE/CRM/lib/auth-context.tsx": {"lines":{"total":33,"covered":30,"skipped":0,"pct":90.9},"functions":{"total":5,"covered":5,"skipped":0,"pct":100},"statements":{"total":33,"covered":30,"skipped":0,"pct":90.9},"branches":{"total":3,"covered":3,"skipped":0,"pct":100}}
,"/Users/vedant/Desktop/CRM_WEBSITE_MONOCLE/CRM/lib/auth-server.ts": {"lines":{"total":12,"covered":0,"skipped":0,"pct":0},"functions":{"total":1,"covered":0,"skipped":0,"pct":0},"statements":{"total":12,"covered":0,"skipped":0,"pct":0},"branches":{"total":3,"covered":0,"skipped":0,"pct":0}}
,"/Users/vedant/Desktop/CRM_WEBSITE_MONOCLE/CRM/lib/enquiry-types.ts": {"lines":{"total":9,"covered":7,"skipped":0,"pct":77.77},"functions":{"total":3,"covered":3,"skipped":0,"pct":100},"statements":{"total":14,"covered":12,"skipped":0,"pct":85.71},"branches":{"total":5,"covered":2,"skipped":0,"pct":40}}
,"/Users/vedant/Desktop/CRM_WEBSITE_MONOCLE/CRM/lib/jwt.ts": {"lines":{"total":18,"covered":17,"skipped":0,"pct":94.44},"functions":{"total":4,"covered":4,"skipped":0,"pct":100},"statements":{"total":20,"covered":19,"skipped":0,"pct":95},"branches":{"total":5,"covered":4,"skipped":0,"pct":80}}
,"/Users/vedant/Desktop/CRM_WEBSITE_MONOCLE/CRM/lib/prisma.ts": {"lines":{"total":5,"covered":0,"skipped":0,"pct":0},"functions":{"total":0,"covered":0,"skipped":0,"pct":100},"statements":{"total":6,"covered":0,"skipped":0,"pct":0},"branches":{"total":3,"covered":0,"skipped":0,"pct":0}}
,"/Users/vedant/Desktop/CRM_WEBSITE_MONOCLE/CRM/lib/validation/application.ts": {"lines":{"total":5,"covered":4,"skipped":0,"pct":80},"functions":{"total":1,"covered":0,"skipped":0,"pct":0},"statements":{"total":8,"covered":7,"skipped":0,"pct":87.5},"branches":{"total":2,"covered":0,"skipped":0,"pct":0}}
,"/Users/vedant/Desktop/CRM_WEBSITE_MONOCLE/CRM/lib/validation/enquiry.ts": {"lines":{"total":15,"covered":12,"skipped":0,"pct":80},"functions":{"total":4,"covered":4,"skipped":0,"pct":100},"statements":{"total":19,"covered":16,"skipped":0,"pct":84.21},"branches":{"total":9,"covered":8,"skipped":0,"pct":88.88}}
}
